00:33:15:667 [ALWAYS]	GUDE Logging Started
00:33:15:667 [INFO]	SqliteResumeCache::SqliteResumeCache basedirectory is null/empty
00:33:15:667 [ERROR]	SqliteResumeCache::CreateSqliteResumeCache creating resume cache pointer failure
00:33:15:668 [ERROR]	Initialize resume cache pointer failure
00:33:15:668 [INFO]	gude policy POLICY_USER limit (2,2,1) chunk 2097152, chunking (UL 0 DL 1), resXfer 1, adapt 0, NSURL 0, timeout 86400 
00:33:15:668 [INFO]	Initialized -- gude-lib version: v0.12.1 app: gude
00:33:16:777 [WARN]	Ignoring attempt to reinit logging to \gude at level 4 retaining 3 days of logs
00:33:16:777 [INFO]	SqliteResumeCache::SqliteResumeCache basedirectory is null/empty
00:33:16:777 [ERROR]	SqliteResumeCache::CreateSqliteResumeCache creating resume cache pointer failure
00:33:16:777 [ERROR]	Initialize resume cache pointer failure
00:33:16:777 [INFO]	gude policy POLICY_USER limit (4,4,1) chunk 2097152, chunking (UL 0 DL 1), resXfer 1, adapt 0, NSURL 1, timeout 86400 
00:33:16:777 [INFO]	Initialized -- gude-lib version: v0.12.1 app: gude
01:18:50:909 [ALWAYS]	GUDE Logging Started
01:18:50:909 [INFO]	SqliteResumeCache::SqliteResumeCache basedirectory is null/empty
01:18:50:909 [ERROR]	SqliteResumeCache::CreateSqliteResumeCache creating resume cache pointer failure
01:18:50:909 [ERROR]	Initialize resume cache pointer failure
01:18:50:910 [INFO]	gude policy POLICY_USER limit (2,2,1) chunk 2097152, chunking (UL 0 DL 1), resXfer 1, adapt 0, NSURL 0, timeout 86400 
01:18:50:910 [INFO]	Initialized -- gude-lib version: v0.12.1 app: gude
01:18:52:132 [WARN]	Ignoring attempt to reinit logging to \gude at level 4 retaining 3 days of logs
01:18:52:132 [INFO]	SqliteResumeCache::SqliteResumeCache basedirectory is null/empty
01:18:52:132 [ERROR]	SqliteResumeCache::CreateSqliteResumeCache creating resume cache pointer failure
01:18:52:132 [ERROR]	Initialize resume cache pointer failure
01:18:52:132 [INFO]	gude policy POLICY_USER limit (4,4,1) chunk 2097152, chunking (UL 0 DL 1), resXfer 1, adapt 0, NSURL 1, timeout 86400 
01:18:52:132 [INFO]	Initialized -- gude-lib version: v0.12.1 app: gude
